<?xml version="1.0" encoding="UTF-8"?>
<!-- Generated by org.testng.reporters.JUnitXMLReporter -->
<testsuite ignored="0" hostname="Tanias-MacBook-Pro.local" failures="0" tests="3" name="Parameter Test" time="0.082" errors="0" timestamp="2021-05-28T19:55:19 CDT">
  <testcase classname="TestNGgropus.ParametersTest" name="loginTest" time="0.009"/>
  <testcase classname="TestNGgropus.ParametersTest" name="productTest" time="0.002"/>
  <testcase classname="TestNGgropus.ParametersTest" name="checkoutTest" time="0.002"/>
</testsuite> <!-- Parameter Test -->
