<?xml version="1.0" encoding="UTF-8"?>
<!-- Generated by org.testng.reporters.JUnitXMLReporter -->
<testsuite ignored="0" hostname="Tanias-MacBook-Pro.local" failures="0" tests="8" name="Groups Test" time="0.081" errors="0" timestamp="2021-05-28T18:33:27 CDT">
  <testcase classname="TestNGgropus.Group1" name="dropdownTest" time="0.007"/>
  <testcase classname="TestNGgropus.Group1" name="loginTest" time="0.001"/>
  <testcase classname="TestNGgropus.Group1" name="mouseHoverTest" time="0.001"/>
  <testcase classname="TestNGgropus.Group1" name="unitTest" time="0.003"/>
  <testcase classname="TestNGgropus.Group2" name="dropdownTest" time="0.002"/>
  <testcase classname="TestNGgropus.Group2" name="loginTest" time="0.001"/>
  <testcase classname="TestNGgropus.Group2" name="mouseHoverTest" time="0.003"/>
  <testcase classname="TestNGgropus.Group2" name="unitTest" time="0.001"/>
</testsuite> <!-- Groups Test -->
