<?xml version="1.0" encoding="UTF-8"?>
<testng-results ignored="0" total="3" passed="3" failed="0" skipped="0">
  <reporter-output>
  </reporter-output>
  <suite started-at="2021-05-28T19:55:19 CDT" name="Parameter Suite" finished-at="2021-05-28T19:55:19 CDT" duration-ms="82">
    <groups>
    </groups>
    <test started-at="2021-05-28T19:55:19 CDT" name="Parameter Test" finished-at="2021-05-28T19:55:19 CDT" duration-ms="82">
      <class name="TestNGgropus.ParametersTest">
        <test-method signature="loginTest(java.lang.String)[pri:1, instance:TestNGgropus.ParametersTest@3b2da18f]" started-at="2021-05-28T19:55:19 CDT" name="loginTest" finished-at="2021-05-28T19:55:19 CDT" duration-ms="9" status="PASS">
          <params>
            <param index="0">
              <value>
                <![CDATA[login Test]]>
              </value>
            </param>
          </params>
          <reporter-output>
          </reporter-output>
        </test-method> <!-- loginTest -->
        <test-method signature="productTest(java.lang.String)[pri:2, instance:TestNGgropus.ParametersTest@3b2da18f]" started-at="2021-05-28T19:55:19 CDT" name="productTest" finished-at="2021-05-28T19:55:19 CDT" duration-ms="2" status="PASS">
          <params>
            <param index="0">
              <value>
                <![CDATA[product Test]]>
              </value>
            </param>
          </params>
          <reporter-output>
          </reporter-output>
        </test-method> <!-- productTest -->
        <test-method signature="checkoutTest(java.lang.String)[pri:3, instance:TestNGgropus.ParametersTest@3b2da18f]" started-at="2021-05-28T19:55:19 CDT" name="checkoutTest" finished-at="2021-05-28T19:55:19 CDT" duration-ms="2" status="PASS">
          <params>
            <param index="0">
              <value>
                <![CDATA[checkout Test]]>
              </value>
            </param>
          </params>
          <reporter-output>
          </reporter-output>
        </test-method> <!-- checkoutTest -->
      </class> <!-- TestNGgropus.ParametersTest -->
    </test> <!-- Parameter Test -->
  </suite> <!-- Parameter Suite -->
</testng-results>
